#
# There is insufficient memory for the Java Runtime Environment to continue.
# Native memory allocation (mmap) failed to map 132120576 bytes for Failed to commit area from 0x0000000082200000 to 0x000000008a000000 of length 132120576.
# Possible reasons:
#   The system is out of physical RAM or swap space
#   The process is running with CompressedOops enabled, and the Java Heap may be blocking the growth of the native heap
# Possible solutions:
#   Reduce memory load on the system
#   Increase physical memory or swap space
#   Check if swap backing store is full
#   Decrease Java heap size (-Xmx/-Xms)
#   Decrease number of Java threads
#   Decrease Java thread stack sizes (-Xss)
#   Set larger code cache with -XX:ReservedCodeCacheSize=
# This output file may be truncated or incomplete.
#
#  Out of Memory Error (./src/hotspot/os/windows/os_windows.cpp:3301), pid=22048, tid=484
#
# JRE version:  (11.0.10) (build )
# Java VM: OpenJDK 64-Bit Server VM (11.0.10+0-b96-7249189, mixed mode, sharing, tiered, compressed oops, g1 gc, windows-amd64)
# No core dump will be written. Minidumps are not enabled by default on client versions of Windows
#

---------------  S U M M A R Y ------------

Command Line: org.jetbrains.git4idea.http.GitAskPassApp Username for 'https://github.com': 

Host: Intel(R) Core(TM) i5-8265U CPU @ 1.60GHz, 8 cores, 7G,  Windows 10 , 64 bit Build 19041 (10.0.19041.1348)
Time: Sat Jan 15 15:20:45 2022 SE Asia Standard Time elapsed time: 0.031251 seconds (0d 0h 0m 0s)

---------------  T H R E A D  ---------------

Current thread (0x000001cc365cc000):  JavaThread "Unknown thread" [_thread_in_vm, id=484, stack(0x0000000a6d800000,0x0000000a6d900000)]

Stack: [0x0000000a6d800000,0x0000000a6d900000]
Native frames: (J=compiled Java code, j=interpreted, Vv=VM code, C=native code)
V  [jvm.dll+0x5ecfaa]
V  [jvm.dll+0x722bd5]
V  [jvm.dll+0x72412d]
V  [jvm.dll+0x7247e3]
V  [jvm.dll+0x242928]
V  [jvm.dll+0x5ea374]
V  [jvm.dll+0x5df425]
V  [jvm.dll+0x2fdebb]
V  [jvm.dll+0x2fde2a]
V  [jvm.dll+0x2fdd02]
V  [jvm.dll+0x302bf6]
V  [jvm.dll+0x34b2a3]
V  [jvm.dll+0x34b9a6]
V  [jvm.dll+0x34b3a3]
V  [jvm.dll+0x2d8888]
V  [jvm.dll+0x2d9a37]
V  [jvm.dll+0x701737]
V  [jvm.dll+0x702f2c]
V  [jvm.dll+0x3587d9]
V  [jvm.dll+0x6e4fae]
V  [jvm.dll+0x3c0be3]
V  [jvm.dll+0x3c2e91]
C  [jli.dll+0x5373]
C  [ucrtbase.dll+0x21bb2]
C  [KERNEL32.DLL+0x17034]
C  [ntdll.dll+0x52651]


---------------  P R O C E S S  ---------------

Threads class SMR info:
_java_thread_list=0x000001cc34530e60, length=0, elements={
}

Java Threads: ( => current thread )

Other Threads:
  0x000001cc365e3000 GCTaskThread "GC Thread#0" [stack: 0x0000000a6d900000,0x0000000a6da00000] [id=14872]
  0x000001cc36616800 ConcurrentGCThread "G1 Main Marker" [stack: 0x0000000a6da00000,0x0000000a6db00000] [id=25584]
  0x000001cc36618800 ConcurrentGCThread "G1 Conc#0" [stack: 0x0000000a6db00000,0x0000000a6dc00000] [id=25608]

[error occurred during error reporting (printing all threads), id 0xc0000005, EXCEPTION_ACCESS_VIOLATION (0xc0000005) at pc=0x00007ff9da6d9107]

VM state:not at safepoint (not fully initialized)

VM Mutex/Monitor currently owned by a thread:  ([mutex/lock_event])
[0x000001cc365c7d80] Heap_lock - owner thread: 0x000001cc365cc000

Heap address: 0x0000000082200000, size: 2014 MB, Compressed Oops mode: Non-zero based: 0x0000000082200000
Narrow klass base: 0x0000000000000000, Narrow klass shift: 0

GC Heap History (0 events):
No events

Deoptimization events (0 events):
No events

Classes redefined (0 events):
No events

Internal exceptions (0 events):
No events

Events (1 events):
Event: 0.022 Loaded shared library C:\Program Files\Android\Android Studio1\jre\bin\zip.dll


Dynamic libraries:
0x00007ff721770000 - 0x00007ff72177a000 	C:\Program Files\Android\Android Studio1\jre\bin\java.exe
0x00007ffa88390000 - 0x00007ffa88585000 	C:\WINDOWS\SYSTEM32\ntdll.dll
0x00007ffa86480000 - 0x00007ffa8653e000 	C:\WINDOWS\System32\KERNEL32.DLL
0x00007ffa85f10000 - 0x00007ffa861d8000 	C:\WINDOWS\System32\KERNELBASE.dll
0x00007ffa862d0000 - 0x00007ffa863d0000 	C:\WINDOWS\System32\ucrtbase.dll
0x00007ffa709b0000 - 0x00007ffa709c7000 	C:\Program Files\Android\Android Studio1\jre\bin\VCRUNTIME140.dll
0x00007ffa76e60000 - 0x00007ffa76e79000 	C:\Program Files\Android\Android Studio1\jre\bin\jli.dll
0x00007ffa87470000 - 0x00007ffa87611000 	C:\WINDOWS\System32\USER32.dll
0x00007ffa85ee0000 - 0x00007ffa85f02000 	C:\WINDOWS\System32\win32u.dll
0x00007ffa5bb70000 - 0x00007ffa5be0a000 	C:\WINDOWS\WinSxS\amd64_microsoft.windows.common-controls_6595b64144ccf1df_6.0.19041.1110_none_60b5254171f9507e\COMCTL32.dll
0x00007ffa87c10000 - 0x00007ffa87c3b000 	C:\WINDOWS\System32\GDI32.dll
0x00007ffa87c70000 - 0x00007ffa87d0e000 	C:\WINDOWS\System32\msvcrt.dll
0x00007ffa85dd0000 - 0x00007ffa85edd000 	C:\WINDOWS\System32\gdi32full.dll
0x00007ffa861e0000 - 0x00007ffa8627d000 	C:\WINDOWS\System32\msvcp_win.dll
0x00007ffa87c40000 - 0x00007ffa87c70000 	C:\WINDOWS\System32\IMM32.DLL
0x00007ffa59470000 - 0x00007ffa5950d000 	C:\Program Files\Android\Android Studio1\jre\bin\msvcp140.dll
0x00007ff9da3f0000 - 0x00007ff9daebf000 	C:\Program Files\Android\Android Studio1\jre\bin\server\jvm.dll
0x00007ffa873c0000 - 0x00007ffa8746c000 	C:\WINDOWS\System32\ADVAPI32.dll
0x00007ffa87960000 - 0x00007ffa879fb000 	C:\WINDOWS\System32\sechost.dll
0x00007ffa87290000 - 0x00007ffa873ba000 	C:\WINDOWS\System32\RPCRT4.dll
0x00007ffa866b0000 - 0x00007ffa866b8000 	C:\WINDOWS\System32\PSAPI.DLL
0x00007ffa5c3a0000 - 0x00007ffa5c3c7000 	C:\WINDOWS\SYSTEM32\WINMM.dll
0x00007ffa7cc30000 - 0x00007ffa7cc3a000 	C:\WINDOWS\SYSTEM32\VERSION.dll
0x00007ffa7de90000 - 0x00007ffa7de99000 	C:\WINDOWS\SYSTEM32\WSOCK32.dll
0x00007ffa880d0000 - 0x00007ffa8813b000 	C:\WINDOWS\System32\ws2_32.DLL
0x00007ffa84350000 - 0x00007ffa84362000 	C:\WINDOWS\SYSTEM32\kernel.appcore.dll
0x00007ffa7de70000 - 0x00007ffa7de81000 	C:\Program Files\Android\Android Studio1\jre\bin\verify.dll
0x00007ffa838a0000 - 0x00007ffa83a84000 	C:\WINDOWS\SYSTEM32\DBGHELP.DLL
0x00007ffa6c3a0000 - 0x00007ffa6c3cc000 	C:\WINDOWS\SYSTEM32\dbgcore.DLL
0x00007ffa85aa0000 - 0x00007ffa85b22000 	C:\WINDOWS\System32\bcryptPrimitives.dll
0x00007ffa76f10000 - 0x00007ffa76f39000 	C:\Program Files\Android\Android Studio1\jre\bin\java.dll
0x00007ffa7a9c0000 - 0x00007ffa7a9cb000 	C:\Program Files\Android\Android Studio1\jre\bin\jimage.dll
0x00007ffa76ef0000 - 0x00007ffa76f08000 	C:\Program Files\Android\Android Studio1\jre\bin\zip.dll

dbghelp: loaded successfully - version: 4.0.5 - missing functions: none
symbol engine: initialized successfully - sym options: 0x614 - pdb path: .;C:\Program Files\Android\Android Studio1\jre\bin;C:\WINDOWS\SYSTEM32;C:\WINDOWS\WinSxS\amd64_microsoft.windows.common-controls_6595b64144ccf1df_6.0.19041.1110_none_60b5254171f9507e;C:\Program Files\Android\Android Studio1\jre\bin\server

VM Arguments:
java_command: org.jetbrains.git4idea.http.GitAskPassApp Username for 'https://github.com': 
java_class_path (initial): C:/Program Files/Android/Android Studio1/plugins/git4idea/lib/git4idea-rt.jar;C:/Program Files/Android/Android Studio1/lib/xmlrpc-2.0.1.jar;C:/Program Files/Android/Android Studio1/lib/commons-codec-1.14.jar
Launcher Type: SUN_STANDARD

[Global flags]
     intx CICompilerCount                          = 4                                         {product} {ergonomic}
     uint ConcGCThreads                            = 2                                         {product} {ergonomic}
     uint G1ConcRefinementThreads                  = 8                                         {product} {ergonomic}
   size_t G1HeapRegionSize                         = 1048576                                   {product} {ergonomic}
    uintx GCDrainStackTargetSize                   = 64                                        {product} {ergonomic}
   size_t InitialHeapSize                          = 132120576                                 {product} {ergonomic}
   size_t MarkStackSize                            = 4194304                                   {product} {ergonomic}
   size_t MaxHeapSize                              = 2111832064                                {product} {ergonomic}
   size_t MinHeapDeltaBytes                        = 1048576                                   {product} {ergonomic}
    uintx NonNMethodCodeHeapSize                   = 5836300                                {pd product} {ergonomic}
    uintx NonProfiledCodeHeapSize                  = 122910970                              {pd product} {ergonomic}
    uintx ProfiledCodeHeapSize                     = 122910970                              {pd product} {ergonomic}
    uintx ReservedCodeCacheSize                    = 251658240                              {pd product} {ergonomic}
     bool SegmentedCodeCache                       = true                                      {product} {ergonomic}
     bool UseCompressedClassPointers               = true                                 {lp64_product} {ergonomic}
     bool UseCompressedOops                        = true                                 {lp64_product} {ergonomic}
     bool UseG1GC                                  = true                                      {product} {ergonomic}
     bool UseLargePagesIndividualAllocation        = false                                  {pd product} {ergonomic}

Logging:
Log output configuration:
 #0: stdout all=warning uptime,level,tags
 #1: stderr all=off uptime,level,tags

Environment Variables:
PATH=C:/Program Files/Git/mingw64/libexec/git-core;C:/Program Files/Git/mingw64/libexec/git-core;C:\Program Files\Git\mingw64\bin;C:\Program Files\Git\usr\bin;C:\Users\Administrator\bin;C:\Program Files (x86)\VMware\VMware Workstation\bin\;E:\bin\;C:\Program Files\Common Files\Oracle\Java\javapath;C:\WINDOWS\system32;C:\WINDOWS;C:\WINDOWS\System32\Wbem;C:\WINDOWS\System32\WindowsPowerShell\v1.0\;C:\Program Files\Microsoft SQL Server\Client SDK\ODBC\170\Tools\Binn\;C:\Program Files (x86)\Microsoft SQL Server\150\Tools\Binn\;C:\Program Files\Microsoft SQL Server\150\Tools\Binn\;C:\Program Files\Microsoft SQL Server\150\DTS\Binn\;C:\Program Files\Azure Data Studio\bin;C:\WINDOWS\System32\OpenSSH\;C:\Program Files\Git\cmd;C:\Program Files\dotnet\;C:\Program Files (x86)\dotnet\;C:\Program Files (x86)\Microsoft SQL Server\150\DTS\Binn\;C:\xampp\php;C:\ProgramData\ComposerSetup\bin;C:\Users\Administrator\AppData\Local\Microsoft\WindowsApps;C:\Users\Administrator\AppData\Roaming\Composer\vendor\bin
USERNAME=Administrator
DISPLAY=:0.0
LC_ALL=en_US.UTF-8
OS=Windows_NT
PROCESSOR_IDENTIFIER=Intel64 Family 6 Model 142 Stepping 11, GenuineIntel



---------------  S Y S T E M  ---------------

OS: Windows 10 , 64 bit Build 19041 (10.0.19041.1348)
OS uptime: 0 days 17:25 hours

CPU:total 8 (initial active 8) (4 cores per cpu, 2 threads per core) family 6 model 142 stepping 11 microcode 0xea, cmov, cx8, fxsr, mmx, sse, sse2, sse3, ssse3, sse4.1, sse4.2, popcnt, avx, avx2, aes, clmul, erms, 3dnowpref, lzcnt, ht, tsc, tscinvbit, bmi1, bmi2, adx, fma

Memory: 4k page, system-wide physical 8050M (493M free)
TotalPageFile size 16246M (AvailPageFile size 45M)
current process WorkingSet (physical memory assigned to process): 9M, peak: 9M
current process commit charge ("private bytes"): 59M, peak: 185M

vm_info: OpenJDK 64-Bit Server VM (11.0.10+0-b96-7249189) for windows-amd64 JRE (11.0.10+0-b96-7249189), built on Mar 31 2021 21:44:00 by "builder" with MS VC++ 14.0 (VS2015)

END.
